<?xml version="1.0" encoding="UTF-8"?>
<robot generator="Robot 4.1.2 (Python 3.9.7 on win32)" generated="20211021 18:59:48.016" rpa="false" schemaversion="2">
<suite id="s1" name="Web-Atuomation" source="C:\Projects\prime-control-robot-framework\testes\web-atuomation.robot">
<test id="s1-t1" name="Caso de Teste 01: Pesquisar produto existente">
<kw name="Abrir navegador" library="kws_webautomation" type="SETUP">
<kw name="Open Browser" library="SeleniumLibrary">
<arg>browser=${BROWSER}</arg>
<doc>Opens a new browser instance to the optional ``url``.</doc>
<msg timestamp="20211021 18:59:48.514" level="INFO">Opening browser 'chrome' to base url 'None'.</msg>
<status status="PASS" starttime="20211021 18:59:48.514" endtime="20211021 18:59:51.501"/>
</kw>
<kw name="Maximize Browser Window" library="SeleniumLibrary">
<doc>Maximizes current browser window.</doc>
<status status="PASS" starttime="20211021 18:59:51.501" endtime="20211021 18:59:51.638"/>
</kw>
<status status="PASS" starttime="20211021 18:59:48.513" endtime="20211021 18:59:51.639"/>
</kw>
<kw name="Acessar a página home do site Automation Practice" library="kws_webautomation">
<kw name="Go To" library="SeleniumLibrary">
<arg>${URL}</arg>
<doc>Navigates the current browser window to the provided ``url``.</doc>
<msg timestamp="20211021 18:59:51.644" level="INFO">Opening url 'http://automationpractice.com/index.php'</msg>
<status status="PASS" starttime="20211021 18:59:51.643" endtime="20211021 18:59:56.580"/>
</kw>
<kw name="Title Should Be" library="SeleniumLibrary">
<arg>My Store</arg>
<doc>Verifies that the current page title equals ``title``.</doc>
<msg timestamp="20211021 18:59:56.587" level="INFO">Page title is 'My Store'.</msg>
<status status="PASS" starttime="20211021 18:59:56.580" endtime="20211021 18:59:56.587"/>
</kw>
<kw name="Wait Until Element Is Visible" library="SeleniumLibrary">
<arg>//*[@id="block_top_menu"]/ul</arg>
<doc>Waits until the element ``locator`` is visible.</doc>
<status status="PASS" starttime="20211021 18:59:56.587" endtime="20211021 18:59:56.618"/>
</kw>
<status status="PASS" starttime="20211021 18:59:51.641" endtime="20211021 18:59:56.619"/>
</kw>
<kw name="Digitar o nome do produto &quot;${PRODUTO}&quot; no campo de pesquisa" library="kws_webautomation" sourcename="Digitar o nome do produto &quot;${PRODUTO}&quot; no campo de pesquisa">
<kw name="Input Text" library="SeleniumLibrary">
<arg>id=search_query_top</arg>
<arg>${PRODUTO}</arg>
<doc>Types the given ``text`` into the text field identified by ``locator``.</doc>
<msg timestamp="20211021 18:59:56.621" level="INFO">Typing text 'Blouse' into text field 'id=search_query_top'.</msg>
<status status="PASS" starttime="20211021 18:59:56.620" endtime="20211021 18:59:56.720"/>
</kw>
<status status="PASS" starttime="20211021 18:59:56.619" endtime="20211021 18:59:56.720"/>
</kw>
<kw name="Clicar no botão pesquisar" library="kws_webautomation">
<kw name="Click Element" library="SeleniumLibrary">
<arg>name=submit_search</arg>
<doc>Click the element identified by ``locator``.</doc>
<msg timestamp="20211021 18:59:56.722" level="INFO">Clicking element 'name=submit_search'.</msg>
<status status="PASS" starttime="20211021 18:59:56.721" endtime="20211021 18:59:58.046"/>
</kw>
<status status="PASS" starttime="20211021 18:59:56.721" endtime="20211021 18:59:58.046"/>
</kw>
<kw name="Conferir se o produto &quot;Blouse&quot; foi listado no site" library="kws_webautomation">
<kw name="Page Should Contain Image" library="SeleniumLibrary">
<arg>xpath=//*[@id='center_column']//*[@src="http://automationpractice.com/img/p/7/7-home_default.jpg"]</arg>
<doc>Verifies image identified by ``locator`` is found from current page.</doc>
<msg timestamp="20211021 18:59:58.067" level="INFO">Current page contains image 'xpath=//*[@id='center_column']//*[@src="http://automationpractice.com/img/p/7/7-home_default.jpg"]'.</msg>
<status status="PASS" starttime="20211021 18:59:58.047" endtime="20211021 18:59:58.067"/>
</kw>
<kw name="Title Should Be" library="SeleniumLibrary">
<arg>Search - My Store</arg>
<doc>Verifies that the current page title equals ``title``.</doc>
<msg timestamp="20211021 18:59:58.072" level="INFO">Page title is 'Search - My Store'.</msg>
<status status="PASS" starttime="20211021 18:59:58.067" endtime="20211021 18:59:58.072"/>
</kw>
<kw name="Sleep" library="BuiltIn">
<arg>5</arg>
<doc>Pauses the test executed for the given time.</doc>
<msg timestamp="20211021 19:00:03.080" level="INFO">Slept 5 seconds</msg>
<status status="PASS" starttime="20211021 18:59:58.072" endtime="20211021 19:00:03.080"/>
</kw>
<status status="PASS" starttime="20211021 18:59:58.047" endtime="20211021 19:00:03.080"/>
</kw>
<kw name="Fechar navegador" library="kws_webautomation" type="TEARDOWN">
<kw name="Capture Page Screenshot" library="SeleniumLibrary">
<doc>Takes a screenshot of the current page and embeds it into a log file.</doc>
<msg timestamp="20211021 19:00:03.194" level="INFO" html="true">&lt;/td&gt;&lt;/tr&gt;&lt;tr&gt;&lt;td colspan="3"&gt;&lt;a href="selenium-screenshot-2.png"&gt;&lt;img src="selenium-screenshot-2.png" width="800px"&gt;&lt;/a&gt;</msg>
<status status="PASS" starttime="20211021 19:00:03.081" endtime="20211021 19:00:03.195"/>
</kw>
<kw name="Close Browser" library="SeleniumLibrary">
<doc>Closes the current browser.</doc>
<status status="PASS" starttime="20211021 19:00:03.195" endtime="20211021 19:00:05.419"/>
</kw>
<status status="PASS" starttime="20211021 19:00:03.081" endtime="20211021 19:00:05.420"/>
</kw>
<tag>pesquisar</tag>
<status status="PASS" starttime="20211021 18:59:48.513" endtime="20211021 19:00:05.420"/>
</test>
<doc>Aqui estarão presentes os primeiros testes automatizados Web</doc>
<status status="PASS" starttime="20211021 18:59:48.018" endtime="20211021 19:00:05.422"/>
</suite>
<statistics>
<total>
<stat pass="1" fail="0" skip="0">All Tests</stat>
</total>
<tag>
<stat pass="1" fail="0" skip="0">pesquisar</stat>
</tag>
<suite>
<stat pass="1" fail="0" skip="0" id="s1" name="Web-Atuomation">Web-Atuomation</stat>
</suite>
</statistics>
<errors>
</errors>
</robot>
